<?xml version="1.0" ?>
<coverage version="7.2.0" timestamp="1700000000000" lines-covered="100" lines-valid="200" line-rate="0.5" branches-covered="20" branches-valid="40" branch-rate="0.5" complexity="0">
	<packages>
		<package name="." line-rate="0.5" branch-rate="0.5" complexity="0">
			<classes>
				<class name="test_module.py" filename="test_module.py" complexity="0" line-rate="0.5" branch-rate="0.5">
					<methods/>
					<lines>
						<line number="1" hits="1"/>
						<line number="2" hits="1"/>
						<line number="3" hits="0"/>
						<line number="4" hits="0"/>
						<line number="10" hits="1" branch="true" condition-coverage="50% (1/2)">
							<conditions>
								<condition number="0" type="jump" coverage="50%"/>
							</conditions>
						</line>
						<line number="11" hits="1"/>
						<line number="12" hits="0"/>
					</lines>
				</class>
				<class name="api_module.py" filename="api/routes/api_module.py" complexity="0" line-rate="0.3" branch-rate="0">
					<methods/>
					<lines>
						<line number="5" hits="1"/>
						<line number="6" hits="0"/>
						<line number="7" hits="0"/>
						<line number="8" hits="0"/>
						<line number="9" hits="0"/>
					</lines>
				</class>
			</classes>
		</package>
	</packages>
</coverage>
